G:\C++VS\LEETCODE\SORTLIST\SORTLIST\DEBUG\MAIN.OBJ
G:\C++VS\LEETCODE\SORTLIST\SORTLIST\DEBUG\SOLUTION.OBJ
G:\C++VS\LEETCODE\SORTLIST\SORTLIST\DEBUG\VC110.PDB
G:\C++VS\LEETCODE\SORTLIST\DEBUG\SORTLIST.ILK
G:\C++VS\LEETCODE\SORTLIST\DEBUG\SORTLIST.EXE
G:\C++VS\LEETCODE\SORTLIST\DEBUG\SORTLIST.PDB
G:\C++VS\LeetCode\SortList\SortList\Debug\main.obj
G:\C++VS\LeetCode\SortList\SortList\Debug\solution.obj
G:\C++VS\LeetCode\SortList\SortList\Debug\cl.command.1.tlog
G:\C++VS\LeetCode\SortList\SortList\Debug\CL.read.1.tlog
G:\C++VS\LeetCode\SortList\SortList\Debug\CL.write.1.tlog
G:\C++VS\LeetCode\SortList\SortList\Debug\link-cvtres.read.1.tlog
G:\C++VS\LeetCode\SortList\SortList\Debug\link-cvtres.write.1.tlog
G:\C++VS\LeetCode\SortList\SortList\Debug\link-rc.read.1.tlog
G:\C++VS\LeetCode\SortList\SortList\Debug\link-rc.write.1.tlog
G:\C++VS\LeetCode\SortList\SortList\Debug\link.command.1.tlog
G:\C++VS\LeetCode\SortList\SortList\Debug\link.read.1.tlog
G:\C++VS\LeetCode\SortList\SortList\Debug\link.write.1.tlog
G:\C++VS\LeetCode\SortList\SortList\Debug\vc110.idb
G:\C++VS\LeetCode\SortList\SortList\Debug\vc110.pdb
G:\C++VS\LeetCode\SortList\Debug\SortList.pdb
G:\C++VS\LeetCode\SortList\Debug\SortList.exe
G:\C++VS\LeetCode\SortList\Debug\SortList.ilk
