D:\C++VS\LEETCODE\SORTCOLORS\SORTCOLORS\DEBUG\MAIN.OBJ
D:\C++VS\LEETCODE\SORTCOLORS\SORTCOLORS\DEBUG\SOLUTION.OBJ
D:\C++VS\LEETCODE\SORTCOLORS\SORTCOLORS\DEBUG\VC110.PDB
D:\C++VS\LEETCODE\SORTCOLORS\DEBUG\SORTCOLORS.ILK
D:\C++VS\LEETCODE\SORTCOLORS\DEBUG\SORTCOLORS.EXE
D:\C++VS\LEETCODE\SORTCOLORS\DEBUG\SORTCOLORS.PDB
D:\C++VS\LeetCode\SortColors\SortColors\Debug\main.obj
D:\C++VS\LeetCode\SortColors\SortColors\Debug\solution.obj
D:\C++VS\LeetCode\SortColors\SortColors\Debug\cl.command.1.tlog
D:\C++VS\LeetCode\SortColors\SortColors\Debug\CL.read.1.tlog
D:\C++VS\LeetCode\SortColors\SortColors\Debug\CL.write.1.tlog
D:\C++VS\LeetCode\SortColors\SortColors\Debug\link-cvtres.read.1.tlog
D:\C++VS\LeetCode\SortColors\SortColors\Debug\link-cvtres.write.1.tlog
D:\C++VS\LeetCode\SortColors\SortColors\Debug\link-rc.read.1.tlog
D:\C++VS\LeetCode\SortColors\SortColors\Debug\link-rc.write.1.tlog
D:\C++VS\LeetCode\SortColors\SortColors\Debug\link.command.1.tlog
D:\C++VS\LeetCode\SortColors\SortColors\Debug\link.read.1.tlog
D:\C++VS\LeetCode\SortColors\SortColors\Debug\link.write.1.tlog
D:\C++VS\LeetCode\SortColors\SortColors\Debug\vc110.idb
D:\C++VS\LeetCode\SortColors\SortColors\Debug\vc110.pdb
D:\C++VS\LeetCode\SortColors\Debug\SortColors.pdb
D:\C++VS\LeetCode\SortColors\Debug\SortColors.exe
D:\C++VS\LeetCode\SortColors\Debug\SortColors.ilk
